\BOOKMARK [0][-]{chapter.1}{Fundamenta\347\343o Te\363rica}{}% 1
\BOOKMARK [0][-]{chapter.2}{Objetivos}{}% 2
\BOOKMARK [0][-]{chapter.3}{Materiais}{}% 3
\BOOKMARK [0][-]{chapter.4}{Descri\347\343o da Unidade}{}% 4
\BOOKMARK [0][-]{chapter.5}{Metodologia Te\363rica e Experimental}{}% 5
\BOOKMARK [1][-]{section.5.1}{Picnometria}{chapter.5}% 6
\BOOKMARK [0][-]{chapter.6}{Resultados e Discuss\343o}{}% 7
\BOOKMARK [1][-]{section.6.1}{Massa espec\355fica da areia}{chapter.6}% 8
\BOOKMARK [1][-]{section.6.2}{Fluidiza\347\343o}{chapter.6}% 9
\BOOKMARK [0][-]{chapter.7}{C\341lculos}{}% 10
\BOOKMARK [1][-]{section.7.1}{Determina\347\343o da Queda de Press\343o Te\363rica}{chapter.7}% 11
\BOOKMARK [1][-]{section.7.2}{Determina\347\343o da Porosidade M\355nima de Fluidiza\347\343o Te\363rica}{chapter.7}% 12
\BOOKMARK [1][-]{section.7.3}{Determina\347\343o da Velocidade M\355nima de Fluidiza\347\343o Te\363rica}{chapter.7}% 13
\BOOKMARK [2][-]{subsection.7.3.1}{Miller e Logwinug}{section.7.3}% 14
\BOOKMARK [2][-]{subsection.7.3.2}{Leva}{section.7.3}% 15
\BOOKMARK [2][-]{subsection.7.3.3}{Davies e Richardson}{section.7.3}% 16
\BOOKMARK [1][-]{section.7.4}{Determina\347\343o da Permeabilidade \(K\)}{chapter.7}% 17
\BOOKMARK [1][-]{section.7.5}{Determina\347\343o da Esfericidade \040\(\) }{chapter.7}% 18
\BOOKMARK [0][-]{chapter.8}{Conclus\343o}{}% 19
\BOOKMARK [0][-]{chapter*.16}{Bibliografia}{}% 20
